send: 'ehlo 1.0.0.0.0.0.0.0.0.0.0.0.0.0.0.0.0.0.0.0.0.0.0.0.0.0.0.0.0.0.0.0.ip6.arpa\r\n'
reply: b'250-SG2P153CA0026.outlook.office365.com Hello [114.125.125.78]\r\n'
reply: b'250-SIZE 157286400\r\n'
reply: b'250-PIPELINING\r\n'
reply: b'250-DSN\r\n'
reply: b'250-ENHANCEDSTATUSCODES\r\n'
reply: b'250-STARTTLS\r\n'
reply: b'250-8BITMIME\r\n'
reply: b'250-BINARYMIME\r\n'
reply: b'250-CHUNKING\r\n'
reply: b'250 SMTPUTF8\r\n'
reply: retcode (250); Msg: b'SG2P153CA0026.outlook.office365.com Hello [114.125.125.78]\nSIZE 157286400\nPIPELINING\nDSN\nENHANCEDSTATUSCODES\nSTARTTLS\n8BITMIME\nBINARYMIME\nCHUNKING\nSMTPUTF8'
send: 'STARTTLS\r\n'
reply: b'220 2.0.0 SMTP server ready\r\n'
reply: retcode (220); Msg: b'2.0.0 SMTP server ready'
send: 'ehlo 1.0.0.0.0.0.0.0.0.0.0.0.0.0.0.0.0.0.0.0.0.0.0.0.0.0.0.0.0.0.0.0.ip6.arpa\r\n'
reply: b'250-SG2P153CA0026.outlook.office365.com Hello [114.125.125.78]\r\n'
reply: b'250-SIZE 157286400\r\n'
reply: b'250-PIPELINING\r\n'
reply: b'250-DSN\r\n'
reply: b'250-ENHANCEDSTATUSCODES\r\n'
reply: b'250-AUTH LOGIN XOAUTH2\r\n'
reply: b'250-8BITMIME\r\n'
reply: b'250-BINARYMIME\r\n'
reply: b'250-CHUNKING\r\n'
reply: b'250 SMTPUTF8\r\n'
reply: retcode (250); Msg: b'SG2P153CA0026.outlook.office365.com Hello [114.125.125.78]\nSIZE 157286400\nPIPELINING\nDSN\nENHANCEDSTATUSCODES\nAUTH LOGIN XOAUTH2\n8BITMIME\nBINARYMIME\nCHUNKING\nSMTPUTF8'
send: 'AUTH LOGIN WnVuaWFhc3dhcm9oQGdtYWlsLmNvbQ==\r\n'
reply: b'334 UGFzc3dvcmQ6\r\n'
reply: retcode (334); Msg: b'UGFzc3dvcmQ6'
send: 'U3lhaG5pZWE1Mg==\r\n'
reply: b'535 5.7.3 Authentication unsuccessful [SG2P153CA0026.APCP153.PROD.OUTLOOK.COM 2023-05-28T16:13:32.592Z 08DB5F3C726F02DB]\r\n'
reply: retcode (535); Msg: b'5.7.3 Authentication unsuccessful [SG2P153CA0026.APCP153.PROD.OUTLOOK.COM 2023-05-28T16:13:32.592Z 08DB5F3C726F02DB]'
send: 'mail FROM:<Zuniaaswaroh@gmail.com> size=11\r\n'
reply: b'530 5.7.57 Client not authenticated to send mail. Error: 535 5.7.3 Authentication unsuccessful [SG2P153CA0026.APCP153.PROD.OUTLOOK.COM 2023-05-28T16:13:37.685Z 08DB5F3C726F02DB]\r\n'
reply: retcode (530); Msg: b'5.7.57 Client not authenticated to send mail. Error: 535 5.7.3 Authentication unsuccessful [SG2P153CA0026.APCP153.PROD.OUTLOOK.COM 2023-05-28T16:13:37.685Z 08DB5F3C726F02DB]'
send: 'rset\r\n'
Traceback (most recent call last):
  File "/Users/jibi/Kuliah/Pemrograman Jaringan/Tugas4/Tugas_4_SMTP_kelompok_9/main.py", line 43, in <module>
    mySMTP.sendEmail(EMAIL, RECIPIENT_EMAIL, "Hello World")
  File "/Users/jibi/Kuliah/Pemrograman Jaringan/Tugas4/Tugas_4_SMTP_kelompok_9/main.py", line 25, in sendEmail
    self.smtp.sendmail(from_addr, to_addr, msg)
  File "/opt/homebrew/Cellar/python@3.11/3.11.3/Frameworks/Python.framework/Versions/3.11/lib/python3.11/smtplib.py", line 887, in sendmail
    raise SMTPSenderRefused(code, resp, from_addr)
smtplib.SMTPSenderRefused: (530, b'5.7.57 Client not authenticated to send mail. Error: 535 5.7.3 Authentication unsuccessful [SG2P153CA0026.APCP153.PROD.OUTLOOK.COM 2023-05-28T16:13:37.685Z 08DB5F3C726F02DB]', 'Zuniaaswaroh@gmail.com')
